<?xml version="1.0" encoding="UTF-8"?>
<testng-results ignored="0" total="2" passed="2" failed="0" skipped="0">
  <reporter-output>
  </reporter-output>
  <suite started-at="2024-01-08T14:00:11 IST" name="Default suite" finished-at="2024-01-08T14:00:48 IST" duration-ms="37425">
    <groups>
    </groups>
    <test started-at="2024-01-08T14:00:11 IST" name="Default test" finished-at="2024-01-08T14:00:48 IST" duration-ms="37425">
      <class name="package_2.orange_test">
        <test-method is-config="true" signature="setup(java.lang.String)[pri:0, instance:package_2.orange_test@4802796d]" started-at="2024-01-08T14:00:11 IST" name="setup" finished-at="2024-01-08T14:00:38 IST" duration-ms="27575" status="PASS">
          <params>
            <param index="0">
              <value>
                <![CDATA[chrome]]>
              </value>
            </param>
          </params>
          <reporter-output>
          </reporter-output>
        </test-method> <!-- setup -->
        <test-method signature="orangelogotest()[pri:1, instance:package_2.orange_test@4802796d]" started-at="2024-01-08T14:00:38 IST" name="orangelogotest" finished-at="2024-01-08T14:00:39 IST" duration-ms="528" status="PASS">
          <reporter-output>
          </reporter-output>
        </test-method> <!-- orangelogotest -->
        <test-method is-config="true" signature="teardown()[pri:0, instance:package_2.orange_test@4802796d]" started-at="2024-01-08T14:00:39 IST" name="teardown" finished-at="2024-01-08T14:00:40 IST" duration-ms="756" status="PASS">
          <reporter-output>
          </reporter-output>
        </test-method> <!-- teardown -->
        <test-method is-config="true" signature="setup(java.lang.String)[pri:0, instance:package_2.orange_test@4802796d]" started-at="2024-01-08T14:00:40 IST" name="setup" finished-at="2024-01-08T14:00:47 IST" duration-ms="7255" status="PASS">
          <params>
            <param index="0">
              <value>
                <![CDATA[chrome]]>
              </value>
            </param>
          </params>
          <reporter-output>
          </reporter-output>
        </test-method> <!-- setup -->
        <test-method signature="getFooterLinksTest()[pri:2, instance:package_2.orange_test@4802796d]" started-at="2024-01-08T14:00:47 IST" name="getFooterLinksTest" finished-at="2024-01-08T14:00:47 IST" duration-ms="560" status="PASS">
          <reporter-output>
          </reporter-output>
        </test-method> <!-- getFooterLinksTest -->
        <test-method is-config="true" signature="teardown()[pri:0, instance:package_2.orange_test@4802796d]" started-at="2024-01-08T14:00:47 IST" name="teardown" finished-at="2024-01-08T14:00:48 IST" duration-ms="703" status="PASS">
          <reporter-output>
          </reporter-output>
        </test-method> <!-- teardown -->
      </class> <!-- package_2.orange_test -->
    </test> <!-- Default test -->
  </suite> <!-- Default suite -->
</testng-results>
